#
# A fatal error has been detected by the Java Runtime Environment:
#
#  Internal Error (javaCalls.cpp:51), pid=12832, tid=0x0000000000004aac
#  guarantee(thread->is_Java_thread()) failed: crucial check - the VM thread cannot and must not escape to Java code
#
# JRE version: Java(TM) SE Runtime Environment (8.0_241-b07) (build 1.8.0_241-b07)
# Java VM: Java HotSpot(TM) 64-Bit Server VM (25.241-b07 mixed mode windows-amd64 compressed oops)
# Failed to write core dump. Minidumps are not enabled by default on client versions of Windows
#
# If you would like to submit a bug report, please visit:
#   http://bugreport.java.com/bugreport/crash.jsp
#

---------------  T H R E A D  ---------------

Current thread (0x000000001c8ba000):  VMThread [stack: 0x000000001e5a0000,0x000000001e6a0000] [id=19116]

Stack: [0x000000001e5a0000,0x000000001e6a0000]
[error occurred during error reporting (printing stack bounds), id 0xc0000005]

Native frames: (J=compiled Java code, j=interpreted, Vv=VM code, C=native code)

VM_Operation (0x000000001f09f220): GetOrSetLocal, mode: safepoint, requested by thread 0x000000001e6de000


---------------  P R O C E S S  ---------------

Java Threads: ( => current thread )
  0x000000001fe64800 JavaThread "Prism Font Disposer" daemon [_thread_blocked, id=15280, stack(0x000000002a7e0000,0x000000002a8e0000)]
  0x000000001fb82800 JavaThread "Thread-3" daemon [_thread_blocked, id=9016, stack(0x0000000027350000,0x0000000027450000)]
  0x000000001fb88800 JavaThread "JavaFX-Launcher" [_thread_blocked, id=13844, stack(0x0000000027450000,0x0000000027550000)]
  0x000000001fa71800 JavaThread "JavaFX Application Thread" [_thread_blocked, id=5536, stack(0x0000000020680000,0x0000000020780000)]
  0x000000001fa70000 JavaThread "Thread-1" daemon [_thread_blocked, id=16608, stack(0x0000000020580000,0x0000000020680000)]
  0x000000001fa50800 JavaThread "QuantumRenderer-0" daemon [_thread_blocked, id=7992, stack(0x00000000202c0000,0x00000000203c0000)]
  0x000000001e8fe800 JavaThread "Service Thread" daemon [_thread_blocked, id=16676, stack(0x000000001f6a0000,0x000000001f7a0000)]
  0x000000001e840000 JavaThread "C1 CompilerThread3" daemon [_thread_blocked, id=15084, stack(0x000000001f5a0000,0x000000001f6a0000)]
  0x000000001e83d000 JavaThread "C2 CompilerThread2" daemon [_thread_blocked, id=18436, stack(0x000000001f4a0000,0x000000001f5a0000)]
  0x000000001e83b800 JavaThread "C2 CompilerThread1" daemon [_thread_blocked, id=16104, stack(0x000000001f3a0000,0x000000001f4a0000)]
  0x000000001e83a800 JavaThread "C2 CompilerThread0" daemon [_thread_blocked, id=4492, stack(0x000000001f2a0000,0x000000001f3a0000)]
  0x000000001e6eb800 JavaThread "JDWP Command Reader" daemon [_thread_in_native, id=14412, stack(0x000000001f1a0000,0x000000001f2a0000)]
  0x000000001e6e8800 JavaThread "JDWP Event Helper Thread" daemon [_thread_blocked, id=3512, stack(0x000000001f0a0000,0x000000001f1a0000)]
  0x000000001e6de000 JavaThread "JDWP Transport Listener: dt_socket" daemon [_thread_blocked, id=16076, stack(0x000000001efa0000,0x000000001f0a0000)]
  0x000000001e6d2800 JavaThread "Attach Listener" daemon [_thread_blocked, id=14180, stack(0x000000001eea0000,0x000000001efa0000)]
  0x000000001e6d1000 JavaThread "Signal Dispatcher" daemon [_thread_blocked, id=4812, stack(0x000000001eda0000,0x000000001eea0000)]
  0x000000001c8be000 JavaThread "Finalizer" daemon [_thread_blocked, id=16196, stack(0x000000001eba0000,0x000000001eca0000)]
  0x000000001e6c0800 JavaThread "Reference Handler" daemon [_thread_blocked, id=12008, stack(0x000000001eaa0000,0x000000001eba0000)]
  0x0000000002dd3800 JavaThread "main" [_thread_blocked, id=15184, stack(0x0000000002ad0000,0x0000000002bd0000)]

Other Threads:
=>0x000000001c8ba000 VMThread [stack: 0x000000001e5a0000,0x000000001e6a0000] [id=19116]
  0x000000001e910000 WatcherThread [stack: 0x000000001f7a0000,0x000000001f8a0000] [id=9864]

VM state:at safepoint (normal execution)

VM Mutex/Monitor currently owned by a thread:  ([mutex/lock_event])
[0x0000000002dd00d0] Threads_lock - owner thread: 0x000000001c8ba000

heap address: 0x00000006c2000000, size: 4064 MB, Compressed Oops mode: Zero based, Oop shift amount: 3
Narrow klass base: 0x0000000000000000, Narrow klass shift: 3
Compressed class space size: 1073741824 Address: 0x00000007c0000000

Heap:
 PSYoungGen      total 75776K, used 7173K [0x000000076b580000, 0x0000000770a00000, 0x00000007c0000000)
  eden space 65024K, 11% used [0x000000076b580000,0x000000076bc81750,0x000000076f500000)
  from space 10752K, 0% used [0x000000076ff80000,0x000000076ff80000,0x0000000770a00000)
  to   space 10752K, 0% used [0x000000076f500000,0x000000076f500000,0x000000076ff80000)
 ParOldGen       total 77312K, used 9110K [0x00000006c2000000, 0x00000006c6b80000, 0x000000076b580000)
  object space 77312K, 11% used [0x00000006c2000000,0x00000006c28e5868,0x00000006c6b80000)
 Metaspace       used 21154K, capacity 21780K, committed 22016K, reserved 1069056K
  class space    used 2621K, capacity 2805K, committed 2816K, reserved 1048576K

Card table byte_map: [0x0000000012290000,0x0000000012a90000] byte_map_base: 0x000000000ec80000

Marking Bits: (ParMarkBitMap*) 0x000000006839be30
 Begin Bits: [0x00000000137e0000, 0x0000000017760000)
 End Bits:   [0x0000000017760000, 0x000000001b6e0000)

Polling page: 0x00000000009f0000

CodeCache: size=245760Kb used=5382Kb max_used=5382Kb free=240377Kb
 bounds [0x0000000002ed0000, 0x0000000003420000, 0x0000000011ed0000]
 total_blobs=2292 nmethods=1618 adapters=594
 compilation: enabled

Compilation events (10 events):
Event: 55.116 Thread 0x000000001e840000 nmethod 1631 0x0000000002fe1ad0 code [0x0000000002fe1c20, 0x0000000002fe1d30]
Event: 55.116 Thread 0x000000001e840000 1632       3       com.ctc.wstx.io.WstxInputData::isNameStartChar (59 bytes)
Event: 55.117 Thread 0x000000001e840000 nmethod 1632 0x0000000002fe14d0 code [0x0000000002fe1660, 0x0000000002fe19f8]
Event: 55.117 Thread 0x000000001e840000 1633       3       com.ctc.wstx.sr.BasicStreamReader::next (383 bytes)
Event: 55.118 Thread 0x000000001e840000 nmethod 1633 0x0000000002fe9510 code [0x0000000002fe97e0, 0x0000000002feb0e8]
Event: 55.118 Thread 0x000000001e840000 1634       3       com.ctc.wstx.sr.BasicStreamReader::nextFromTree (792 bytes)
Event: 55.118 Thread 0x000000001e83b800 nmethod 1621 0x0000000003001750 code [0x00000000030018e0, 0x0000000003001f68]
Event: 55.121 Thread 0x000000001e840000 nmethod 1634 0x0000000003412e10 code [0x0000000003413380, 0x0000000003417868]
Event: 55.121 Thread 0x000000001e840000 1635   !   3       com.fasterxml.jackson.dataformat.xml.deser.FromXmlParser::_nextToken (36 bytes)
Event: 55.122 Thread 0x000000001e840000 nmethod 1635 0x0000000002ff3290 code [0x0000000002ff3480, 0x0000000002ff3be8]

GC Heap History (6 events):
Event: 3.260 GC heap before
{Heap before GC invocations=1 (full 0):
 PSYoungGen      total 75776K, used 65024K [0x000000076b580000, 0x0000000770a00000, 0x00000007c0000000)
  eden space 65024K, 100% used [0x000000076b580000,0x000000076f500000,0x000000076f500000)
  from space 10752K, 0% used [0x000000076ff80000,0x000000076ff80000,0x0000000770a00000)
  to   space 10752K, 0% used [0x000000076f500000,0x000000076f500000,0x000000076ff80000)
 ParOldGen       total 173568K, used 0K [0x00000006c2000000, 0x00000006cc980000, 0x000000076b580000)
  object space 173568K, 0% used [0x00000006c2000000,0x00000006c2000000,0x00000006cc980000)
 Metaspace       used 18144K, capacity 18684K, committed 18816K, reserved 1064960K
  class space    used 2254K, capacity 2407K, committed 2432K, reserved 1048576K
Event: 3.266 GC heap after
Heap after GC invocations=1 (full 0):
 PSYoungGen      total 75776K, used 10726K [0x000000076b580000, 0x0000000770a00000, 0x00000007c0000000)
  eden space 65024K, 0% used [0x000000076b580000,0x000000076b580000,0x000000076f500000)
  from space 10752K, 99% used [0x000000076f500000,0x000000076ff79b30,0x000000076ff80000)
  to   space 10752K, 0% used [0x000000076ff80000,0x000000076ff80000,0x0000000770a00000)
 ParOldGen       total 173568K, used 2379K [0x00000006c2000000, 0x00000006cc980000, 0x000000076b580000)
  object space 173568K, 1% used [0x00000006c2000000,0x00000006c2252c08,0x00000006cc980000)
 Metaspace       used 18144K, capacity 18684K, committed 18816K, reserved 1064960K
  class space    used 2254K, capacity 2407K, committed 2432K, reserved 1048576K
}
Event: 7.823 GC heap before
{Heap before GC invocations=2 (full 0):
 PSYoungGen      total 75776K, used 26929K [0x000000076b580000, 0x0000000770a00000, 0x00000007c0000000)
  eden space 65024K, 24% used [0x000000076b580000,0x000000076c552b78,0x000000076f500000)
  from space 10752K, 99% used [0x000000076f500000,0x000000076ff79b30,0x000000076ff80000)
  to   space 10752K, 0% used [0x000000076ff80000,0x000000076ff80000,0x0000000770a00000)
 ParOldGen       total 173568K, used 2379K [0x00000006c2000000, 0x00000006cc980000, 0x000000076b580000)
  object space 173568K, 1% used [0x00000006c2000000,0x00000006c2252c08,0x00000006cc980000)
 Metaspace       used 20601K, capacity 21136K, committed 21248K, reserved 1067008K
  class space    used 2569K, capacity 2741K, committed 2816K, reserved 1048576K
Event: 7.828 GC heap after
Heap after GC invocations=2 (full 0):
 PSYoungGen      total 75776K, used 10730K [0x000000076b580000, 0x0000000770a00000, 0x00000007c0000000)
  eden space 65024K, 0% used [0x000000076b580000,0x000000076b580000,0x000000076f500000)
  from space 10752K, 99% used [0x000000076ff80000,0x00000007709fa940,0x0000000770a00000)
  to   space 10752K, 0% used [0x000000076f500000,0x000000076f500000,0x000000076ff80000)
 ParOldGen       total 173568K, used 2907K [0x00000006c2000000, 0x00000006cc980000, 0x000000076b580000)
  object space 173568K, 1% used [0x00000006c2000000,0x00000006c22d6c68,0x00000006cc980000)
 Metaspace       used 20601K, capacity 21136K, committed 21248K, reserved 1067008K
  class space    used 2569K, capacity 2741K, committed 2816K, reserved 1048576K
}
Event: 7.828 GC heap before
{Heap before GC invocations=3 (full 1):
 PSYoungGen      total 75776K, used 10730K [0x000000076b580000, 0x0000000770a00000, 0x00000007c0000000)
  eden space 65024K, 0% used [0x000000076b580000,0x000000076b580000,0x000000076f500000)
  from space 10752K, 99% used [0x000000076ff80000,0x00000007709fa940,0x0000000770a00000)
  to   space 10752K, 0% used [0x000000076f500000,0x000000076f500000,0x000000076ff80000)
 ParOldGen       total 173568K, used 2907K [0x00000006c2000000, 0x00000006cc980000, 0x000000076b580000)
  object space 173568K, 1% used [0x00000006c2000000,0x00000006c22d6c68,0x00000006cc980000)
 Metaspace       used 20601K, capacity 21136K, committed 21248K, reserved 1067008K
  class space    used 2569K, capacity 2741K, committed 2816K, reserved 1048576K
Event: 7.848 GC heap after
Heap after GC invocations=3 (full 1):
 PSYoungGen      total 75776K, used 0K [0x000000076b580000, 0x0000000770a00000, 0x00000007c0000000)
  eden space 65024K, 0% used [0x000000076b580000,0x000000076b580000,0x000000076f500000)
  from space 10752K, 0% used [0x000000076ff80000,0x000000076ff80000,0x0000000770a00000)
  to   space 10752K, 0% used [0x000000076f500000,0x000000076f500000,0x000000076ff80000)
 ParOldGen       total 77312K, used 9110K [0x00000006c2000000, 0x00000006c6b80000, 0x000000076b580000)
  object space 77312K, 11% used [0x00000006c2000000,0x00000006c28e5868,0x00000006c6b80000)
 Metaspace       used 20601K, capacity 21136K, committed 21248K, reserved 1067008K
  class space    used 2569K, capacity 2741K, committed 2816K, reserved 1048576K
}

Deoptimization events (10 events):
Event: 1.239 Thread 0x000000001fa71800 Uncommon trap: reason=class_check action=maybe_recompile pc=0x0000000003076af0 method=java.lang.String.equals(Ljava/lang/Object;)Z @ 8
Event: 1.239 Thread 0x000000001fa71800 Uncommon trap: reason=class_check action=maybe_recompile pc=0x0000000003076af0 method=java.lang.String.equals(Ljava/lang/Object;)Z @ 8
Event: 1.242 Thread 0x000000001fa71800 Uncommon trap: reason=class_check action=maybe_recompile pc=0x0000000003076af0 method=java.lang.String.equals(Ljava/lang/Object;)Z @ 8
Event: 1.301 Thread 0x000000001fa71800 Uncommon trap: reason=unstable_if action=reinterpret pc=0x000000000321e510 method=java.lang.String.regionMatches(ZILjava/lang/String;II)Z @ 123
Event: 1.366 Thread 0x000000001fa71800 Uncommon trap: reason=unstable_if action=reinterpret pc=0x00000000030552c0 method=java.lang.CharacterData.of(I)Ljava/lang/CharacterData; @ 4
Event: 1.378 Thread 0x000000001fa71800 Uncommon trap: reason=unstable_if action=reinterpret pc=0x00000000031bb4f0 method=sun.net.www.ParseUtil.encodePath(Ljava/lang/String;Z)Ljava/lang/String; @ 109
Event: 2.803 Thread 0x000000001fa71800 Uncommon trap: reason=unstable_if action=reinterpret pc=0x000000000323d1c8 method=jdk.internal.org.objectweb.asm.Type.getArgumentsAndReturnSizes(Ljava/lang/String;)I @ 47
Event: 3.334 Thread 0x000000001fa71800 Uncommon trap: reason=unstable_if action=reinterpret pc=0x000000000333ad8c method=java.util.concurrent.ConcurrentHashMap.putVal(Ljava/lang/Object;Ljava/lang/Object;Z)Ljava/lang/Object; @ 195
Event: 3.465 Thread 0x000000001fa71800 Uncommon trap: reason=unstable_if action=reinterpret pc=0x00000000030c575c method=java.lang.String.indexOf([CII[CIII)I @ 3
Event: 3.478 Thread 0x000000001fa71800 Uncommon trap: reason=unstable_if action=reinterpret pc=0x0000000003203dbc method=sun.nio.cs.UTF_8$Decoder.decode([BII[C)I @ 30

Classes redefined (5 events):
Event: 295.642 Thread 0x000000001c8ba000 redefined class name=sample.Controller$1, count=1
Event: 295.649 Thread 0x000000001c8ba000 redefined class name=sample.Controller, count=1
Event: 406.225 Thread 0x000000001c8ba000 redefined class name=sample.Controller, count=2
Event: 543.844 Thread 0x000000001c8ba000 redefined class name=sample.Controller, count=3
Event: 670.926 Thread 0x000000001c8ba000 redefined class name=sample.Controller, count=4

Internal exceptions (10 events):
Event: 3.395 Thread 0x000000001fa71800 Exception <a 'java/lang/ArrayIndexOutOfBoundsException'> (0x000000076bbac248) thrown at [C:\ade\jenkins\workspace\8-2-build-windows-amd64-cygwin\jdk8u241\331\hotspot\src\share\vm\runtime\sharedRuntime.cpp, line 605]
Event: 3.395 Thread 0x000000001fa71800 Exception <a 'java/lang/ArrayIndexOutOfBoundsException'> (0x000000076bbadbf0) thrown at [C:\ade\jenkins\workspace\8-2-build-windows-amd64-cygwin\jdk8u241\331\hotspot\src\share\vm\runtime\sharedRuntime.cpp, line 605]
Event: 3.429 Thread 0x000000001fa71800 Exception <a 'java/lang/ArrayIndexOutOfBoundsException'> (0x000000076bd19c30) thrown at [C:\ade\jenkins\workspace\8-2-build-windows-amd64-cygwin\jdk8u241\331\hotspot\src\share\vm\runtime\sharedRuntime.cpp, line 605]
Event: 3.456 Thread 0x000000001fa71800 Exception <a 'java/lang/NoSuchMethodError': <clinit>> (0x000000076bf03bd0) thrown at [C:\ade\jenkins\workspace\8-2-build-windows-amd64-cygwin\jdk8u241\331\hotspot\src\share\vm\prims\jni.cpp, line 1614]
Event: 3.472 Thread 0x000000001fa71800 Exception <a 'java/lang/NoSuchMethodError': <clinit>> (0x000000076bf4a878) thrown at [C:\ade\jenkins\workspace\8-2-build-windows-amd64-cygwin\jdk8u241\331\hotspot\src\share\vm\prims\jni.cpp, line 1614]
Event: 3.472 Thread 0x000000001fa71800 Exception <a 'java/lang/NoSuchMethodError': <clinit>> (0x000000076bf4c9f8) thrown at [C:\ade\jenkins\workspace\8-2-build-windows-amd64-cygwin\jdk8u241\331\hotspot\src\share\vm\prims\jni.cpp, line 1614]
Event: 3.475 Thread 0x000000001fa71800 Exception <a 'java/lang/NoSuchMethodError': <clinit>> (0x000000076bf64c68) thrown at [C:\ade\jenkins\workspace\8-2-build-windows-amd64-cygwin\jdk8u241\331\hotspot\src\share\vm\prims\jni.cpp, line 1614]
Event: 3.476 Thread 0x000000001fa71800 Exception <a 'java/lang/NoSuchMethodError': <clinit>> (0x000000076bf73f28) thrown at [C:\ade\jenkins\workspace\8-2-build-windows-amd64-cygwin\jdk8u241\331\hotspot\src\share\vm\prims\jni.cpp, line 1614]
Event: 3.476 Thread 0x000000001fa71800 Exception <a 'java/lang/NoSuchMethodError': <clinit>> (0x000000076bf7f178) thrown at [C:\ade\jenkins\workspace\8-2-build-windows-amd64-cygwin\jdk8u241\331\hotspot\src\share\vm\prims\jni.cpp, line 1614]
Event: 3.477 Thread 0x000000001fa71800 Exception <a 'java/lang/NoSuchMethodError': <clinit>> (0x000000076bf8ae50) thrown at [C:\ade\jenkins\workspace\8-2-build-windows-amd64-cygwin\jdk8u241\331\hotspot\src\share\vm\prims\jni.cpp, line 1614]

Events (10 events):
Event: 670.916 Executing VM operation: ChangeBreakpoints done
Event: 670.917 Executing VM operation: ChangeBreakpoints
Event: 670.917 Executing VM operation: ChangeBreakpoints done
Event: 670.917 Executing VM operation: ChangeBreakpoints
Event: 670.917 Executing VM operation: ChangeBreakpoints done
Event: 670.917 Executing VM operation: ChangeBreakpoints
Event: 670.917 Executing VM operation: ChangeBreakpoints done
Event: 670.920 Executing VM operation: RedefineClasses
Event: 670.927 Executing VM operation: RedefineClasses done
Event: 670.927 Executing VM operation: GetOrSetLocal


Dynamic libraries:
0x00007ff69c910000 - 0x00007ff69c947000 	C:\Program Files\Java\jdk1.8.0_241\bin\java.exe
0x00007ffba80e0000 - 0x00007ffba82d0000 	C:\WINDOWS\SYSTEM32\ntdll.dll
0x00007ffba65a0000 - 0x00007ffba6652000 	C:\WINDOWS\System32\KERNEL32.DLL
0x00007ffba5c50000 - 0x00007ffba5ef5000 	C:\WINDOWS\System32\KERNELBASE.dll
0x00007ffba75d0000 - 0x00007ffba7673000 	C:\WINDOWS\System32\ADVAPI32.dll
0x00007ffba7e60000 - 0x00007ffba7efe000 	C:\WINDOWS\System32\msvcrt.dll
0x00007ffba8000000 - 0x00007ffba8097000 	C:\WINDOWS\System32\sechost.dll
0x00007ffba7c70000 - 0x00007ffba7d8f000 	C:\WINDOWS\System32\RPCRT4.dll
0x00007ffba6850000 - 0x00007ffba69e4000 	C:\WINDOWS\System32\USER32.dll
0x00007ffba6160000 - 0x00007ffba6181000 	C:\WINDOWS\System32\win32u.dll
0x00007ffba7fd0000 - 0x00007ffba7ff6000 	C:\WINDOWS\System32\GDI32.dll
0x00007ffba5950000 - 0x00007ffba5ae8000 	C:\WINDOWS\System32\gdi32full.dll
0x00007ffba6090000 - 0x00007ffba612e000 	C:\WINDOWS\System32\msvcp_win.dll
0x00007ffba5f90000 - 0x00007ffba608a000 	C:\WINDOWS\System32\ucrtbase.dll
0x00007ffb834b0000 - 0x00007ffb83734000 	C:\WINDOWS\WinSxS\amd64_microsoft.windows.common-controls_6595b64144ccf1df_6.0.18362.1440_none_9e7dbfb9e45e8e67\COMCTL32.dll
0x00007ffba61f0000 - 0x00007ffba6526000 	C:\WINDOWS\System32\combase.dll
0x00007ffba5f00000 - 0x00007ffba5f81000 	C:\WINDOWS\System32\bcryptPrimitives.dll
0x00007ffba7330000 - 0x00007ffba735e000 	C:\WINDOWS\System32\IMM32.DLL
0x0000000068420000 - 0x00000000684f2000 	C:\Program Files\Java\jdk1.8.0_241\jre\bin\msvcr100.dll
0x0000000067b70000 - 0x000000006841c000 	C:\Program Files\Java\jdk1.8.0_241\jre\bin\server\jvm.dll
0x00007ffba7320000 - 0x00007ffba7328000 	C:\WINDOWS\System32\PSAPI.DLL
0x00007ffb86b90000 - 0x00007ffb86b99000 	C:\WINDOWS\SYSTEM32\WSOCK32.dll
0x00007ffba7df0000 - 0x00007ffba7e5f000 	C:\WINDOWS\System32\WS2_32.dll
0x00007ffba2ad0000 - 0x00007ffba2af4000 	C:\WINDOWS\SYSTEM32\WINMM.dll
0x00007ffb9e720000 - 0x00007ffb9e72a000 	C:\WINDOWS\SYSTEM32\VERSION.dll
0x00007ffba2650000 - 0x00007ffba267d000 	C:\WINDOWS\SYSTEM32\winmmbase.dll
0x00007ffba5050000 - 0x00007ffba509a000 	C:\WINDOWS\System32\cfgmgr32.dll
0x00007ffb90100000 - 0x00007ffb9010f000 	C:\Program Files\Java\jdk1.8.0_241\jre\bin\verify.dll
0x00007ffb842b0000 - 0x00007ffb842d9000 	C:\Program Files\Java\jdk1.8.0_241\jre\bin\java.dll
0x00007ffb814b0000 - 0x00007ffb814e5000 	C:\Program Files\Java\jdk1.8.0_241\jre\bin\jdwp.dll
0x00007ffb900a0000 - 0x00007ffb900a8000 	C:\Program Files\Java\jdk1.8.0_241\jre\bin\npt.dll
0x00007ffb841f0000 - 0x00007ffb84213000 	C:\Program Files\Java\jdk1.8.0_241\jre\bin\instrument.dll
0x00007ffb8d310000 - 0x00007ffb8d326000 	C:\Program Files\Java\jdk1.8.0_241\jre\bin\zip.dll
0x00007ffba6c30000 - 0x00007ffba7318000 	C:\WINDOWS\System32\SHELL32.dll
0x00007ffba7510000 - 0x00007ffba75b7000 	C:\WINDOWS\System32\shcore.dll
0x00007ffba51d0000 - 0x00007ffba594b000 	C:\WINDOWS\System32\windows.storage.dll
0x00007ffba4fe0000 - 0x00007ffba4ffe000 	C:\WINDOWS\System32\profapi.dll
0x00007ffba5000000 - 0x00007ffba504a000 	C:\WINDOWS\System32\powrprof.dll
0x00007ffba4f90000 - 0x00007ffba4fa0000 	C:\WINDOWS\System32\UMPDC.dll
0x00007ffba67e0000 - 0x00007ffba6832000 	C:\WINDOWS\System32\shlwapi.dll
0x00007ffba4fc0000 - 0x00007ffba4fd1000 	C:\WINDOWS\System32\kernel.appcore.dll
0x00007ffba5100000 - 0x00007ffba5117000 	C:\WINDOWS\System32\cryptsp.dll
0x00007ffb8d5d0000 - 0x00007ffb8d5d9000 	C:\Program Files\Java\jdk1.8.0_241\jre\bin\dt_socket.dll
0x00007ffba4720000 - 0x00007ffba4787000 	C:\WINDOWS\system32\mswsock.dll
0x0000000001300000 - 0x0000000001303000 	C:\Program Files\Java\jdk1.8.0_241\jre\bin\api-ms-win-core-console-l1-1-0.dll
0x0000000002c70000 - 0x0000000002c73000 	C:\Program Files\Java\jdk1.8.0_241\jre\bin\api-ms-win-core-datetime-l1-1-0.dll
0x0000000002c80000 - 0x0000000002c83000 	C:\Program Files\Java\jdk1.8.0_241\jre\bin\api-ms-win-core-debug-l1-1-0.dll
0x0000000002c90000 - 0x0000000002c93000 	C:\Program Files\Java\jdk1.8.0_241\jre\bin\api-ms-win-core-errorhandling-l1-1-0.dll
0x0000000002ca0000 - 0x0000000002ca4000 	C:\Program Files\Java\jdk1.8.0_241\jre\bin\api-ms-win-core-file-l1-1-0.dll
0x0000000002cb0000 - 0x0000000002cb3000 	C:\Program Files\Java\jdk1.8.0_241\jre\bin\api-ms-win-core-file-l1-2-0.dll
0x00000000200a0000 - 0x00000000200a3000 	C:\Program Files\Java\jdk1.8.0_241\jre\bin\api-ms-win-core-file-l2-1-0.dll
0x00000000200b0000 - 0x00000000200b3000 	C:\Program Files\Java\jdk1.8.0_241\jre\bin\api-ms-win-core-handle-l1-1-0.dll
0x00000000200c0000 - 0x00000000200c3000 	C:\Program Files\Java\jdk1.8.0_241\jre\bin\api-ms-win-core-heap-l1-1-0.dll
0x00000000200d0000 - 0x00000000200d3000 	C:\Program Files\Java\jdk1.8.0_241\jre\bin\api-ms-win-core-interlocked-l1-1-0.dll
0x00000000200e0000 - 0x00000000200e3000 	C:\Program Files\Java\jdk1.8.0_241\jre\bin\api-ms-win-core-libraryloader-l1-1-0.dll
0x00000000200f0000 - 0x00000000200f3000 	C:\Program Files\Java\jdk1.8.0_241\jre\bin\api-ms-win-core-localization-l1-2-0.dll
0x0000000020100000 - 0x0000000020103000 	C:\Program Files\Java\jdk1.8.0_241\jre\bin\api-ms-win-core-memory-l1-1-0.dll
0x0000000020110000 - 0x0000000020113000 	C:\Program Files\Java\jdk1.8.0_241\jre\bin\api-ms-win-core-namedpipe-l1-1-0.dll
0x0000000020120000 - 0x0000000020123000 	C:\Program Files\Java\jdk1.8.0_241\jre\bin\api-ms-win-core-processenvironment-l1-1-0.dll
0x0000000020130000 - 0x0000000020133000 	C:\Program Files\Java\jdk1.8.0_241\jre\bin\api-ms-win-core-processthreads-l1-1-0.dll
0x0000000020140000 - 0x0000000020143000 	C:\Program Files\Java\jdk1.8.0_241\jre\bin\api-ms-win-core-processthreads-l1-1-1.dll
0x0000000020150000 - 0x0000000020153000 	C:\Program Files\Java\jdk1.8.0_241\jre\bin\api-ms-win-core-profile-l1-1-0.dll
0x0000000020160000 - 0x0000000020163000 	C:\Program Files\Java\jdk1.8.0_241\jre\bin\api-ms-win-core-rtlsupport-l1-1-0.dll
0x0000000020170000 - 0x0000000020173000 	C:\Program Files\Java\jdk1.8.0_241\jre\bin\api-ms-win-core-string-l1-1-0.dll
0x0000000020180000 - 0x0000000020183000 	C:\Program Files\Java\jdk1.8.0_241\jre\bin\api-ms-win-core-synch-l1-1-0.dll
0x0000000020190000 - 0x0000000020193000 	C:\Program Files\Java\jdk1.8.0_241\jre\bin\api-ms-win-core-synch-l1-2-0.dll
0x00000000201a0000 - 0x00000000201a3000 	C:\Program Files\Java\jdk1.8.0_241\jre\bin\api-ms-win-core-sysinfo-l1-1-0.dll
0x00000000201b0000 - 0x00000000201b3000 	C:\Program Files\Java\jdk1.8.0_241\jre\bin\api-ms-win-core-timezone-l1-1-0.dll
0x00000000201c0000 - 0x00000000201c3000 	C:\Program Files\Java\jdk1.8.0_241\jre\bin\api-ms-win-core-util-l1-1-0.dll
0x00000000201d0000 - 0x00000000201d3000 	C:\Program Files\Java\jdk1.8.0_241\jre\bin\api-ms-win-crt-conio-l1-1-0.dll
0x00000000201e0000 - 0x00000000201e4000 	C:\Program Files\Java\jdk1.8.0_241\jre\bin\api-ms-win-crt-convert-l1-1-0.dll
0x00000000201f0000 - 0x00000000201f3000 	C:\Program Files\Java\jdk1.8.0_241\jre\bin\api-ms-win-crt-environment-l1-1-0.dll
0x0000000020200000 - 0x0000000020203000 	C:\Program Files\Java\jdk1.8.0_241\jre\bin\api-ms-win-crt-filesystem-l1-1-0.dll
0x0000000020210000 - 0x0000000020213000 	C:\Program Files\Java\jdk1.8.0_241\jre\bin\api-ms-win-crt-heap-l1-1-0.dll
0x0000000020220000 - 0x0000000020223000 	C:\Program Files\Java\jdk1.8.0_241\jre\bin\api-ms-win-crt-locale-l1-1-0.dll
0x0000000020230000 - 0x0000000020235000 	C:\Program Files\Java\jdk1.8.0_241\jre\bin\api-ms-win-crt-math-l1-1-0.dll
0x0000000020240000 - 0x0000000020245000 	C:\Program Files\Java\jdk1.8.0_241\jre\bin\api-ms-win-crt-multibyte-l1-1-0.dll
0x0000000020250000 - 0x0000000020260000 	C:\Program Files\Java\jdk1.8.0_241\jre\bin\api-ms-win-crt-private-l1-1-0.dll
0x0000000020260000 - 0x0000000020263000 	C:\Program Files\Java\jdk1.8.0_241\jre\bin\api-ms-win-crt-process-l1-1-0.dll
0x0000000020270000 - 0x0000000020274000 	C:\Program Files\Java\jdk1.8.0_241\jre\bin\api-ms-win-crt-runtime-l1-1-0.dll
0x0000000020280000 - 0x0000000020284000 	C:\Program Files\Java\jdk1.8.0_241\jre\bin\api-ms-win-crt-stdio-l1-1-0.dll
0x0000000020290000 - 0x0000000020294000 	C:\Program Files\Java\jdk1.8.0_241\jre\bin\api-ms-win-crt-string-l1-1-0.dll
0x00000000202a0000 - 0x00000000202a3000 	C:\Program Files\Java\jdk1.8.0_241\jre\bin\api-ms-win-crt-time-l1-1-0.dll
0x00000000202b0000 - 0x00000000202b3000 	C:\Program Files\Java\jdk1.8.0_241\jre\bin\api-ms-win-crt-utility-l1-1-0.dll
0x00007ffb65820000 - 0x00007ffb6591c000 	C:\Program Files\Java\jdk1.8.0_241\jre\bin\ucrtbase.dll
0x00007ffb83880000 - 0x00007ffb83895000 	C:\Program Files\Java\jdk1.8.0_241\jre\bin\vcruntime140.dll
0x00007ffb7f300000 - 0x00007ffb7f39b000 	C:\Program Files\Java\jdk1.8.0_241\jre\bin\msvcp140.dll
0x00007ffb7b120000 - 0x00007ffb7b171000 	C:\Program Files\Java\jdk1.8.0_241\jre\bin\concrt140.dll
0x00007ffb81550000 - 0x00007ffb81573000 	C:\Program Files\Java\jdk1.8.0_241\jre\bin\prism_d3d.dll
0x00007ffb7d5e0000 - 0x00007ffb7d7a7000 	C:\WINDOWS\system32\d3d9.dll
0x00007ffba3330000 - 0x00007ffba335d000 	C:\WINDOWS\SYSTEM32\dwmapi.dll
0x00007ffba3be0000 - 0x00007ffba3c00000 	C:\WINDOWS\SYSTEM32\dxcore.dll
0x00007ffba2ee0000 - 0x00007ffba2f79000 	C:\WINDOWS\system32\uxtheme.dll
0x00007ffb672a0000 - 0x00007ffb673fd000 	C:\WINDOWS\System32\DriverStore\FileRepository\iigd_dch.inf_amd64_97abf3bd13eb713d\igdumdim64.dll
0x00007ffb4c0a0000 - 0x00007ffb4f9a9000 	C:\WINDOWS\System32\DriverStore\FileRepository\iigd_dch.inf_amd64_97abf3bd13eb713d\igd9dxva64.dll
0x00007ffba7b10000 - 0x00007ffba7c67000 	C:\WINDOWS\System32\ole32.dll
0x00007ffba6660000 - 0x00007ffba6725000 	C:\WINDOWS\System32\OLEAUT32.dll
0x00007ffba7680000 - 0x00007ffba7af0000 	C:\WINDOWS\System32\SETUPAPI.dll
0x00007ffba6130000 - 0x00007ffba6156000 	C:\WINDOWS\System32\bcrypt.dll
0x00007ffb9b700000 - 0x00007ffb9b8a4000 	C:\WINDOWS\System32\DriverStore\FileRepository\iigd_dch.inf_amd64_97abf3bd13eb713d\igdgmm64.dll
0x00007ffb7a7a0000 - 0x00007ffb7a7e5000 	C:\Program Files\Java\jdk1.8.0_241\jre\bin\glass.dll
0x00007ffba7f00000 - 0x00007ffba7fd0000 	C:\WINDOWS\System32\COMDLG32.dll
0x00007ffba69f0000 - 0x00007ffba6b25000 	C:\WINDOWS\System32\MSCTF.dll
0x00007ffb8d190000 - 0x00007ffb8d1b6000 	C:\WINDOWS\System32\DriverStore\FileRepository\iigd_dch.inf_amd64_97abf3bd13eb713d\igdinfo64.dll
0x00007ffb95940000 - 0x00007ffb97f44000 	C:\WINDOWS\System32\DriverStore\FileRepository\iigd_dch.inf_amd64_97abf3bd13eb713d\igc64.dll
0x00007ffb815b0000 - 0x00007ffb815c4000 	C:\Program Files\Java\jdk1.8.0_241\jre\bin\javafx_font.dll
0x00007ffb8f520000 - 0x00007ffb8f81e000 	C:\WINDOWS\SYSTEM32\dwrite.dll
0x00007ffba6730000 - 0x00007ffba67d2000 	C:\WINDOWS\System32\clbcatq.dll
0x00007ffb9f6c0000 - 0x00007ffb9f86f000 	C:\WINDOWS\SYSTEM32\WindowsCodecs.dll
0x00007ffb7dce0000 - 0x00007ffb7dd1b000 	C:\WINDOWS\system32\dataexchange.dll
0x00007ffba1db0000 - 0x00007ffba200b000 	C:\WINDOWS\system32\d3d11.dll
0x00007ffba2470000 - 0x00007ffba264d000 	C:\WINDOWS\system32\dcomp.dll
0x00007ffba3c00000 - 0x00007ffba3ceb000 	C:\WINDOWS\system32\dxgi.dll
0x00007ffba2fa0000 - 0x00007ffba31fa000 	C:\WINDOWS\system32\twinapi.appcore.dll
0x00007ffba3300000 - 0x00007ffba3329000 	C:\WINDOWS\system32\RMCLIENT.dll
0x00007ffb84220000 - 0x00007ffb84253000 	C:\Program Files\Common Files\Microsoft Shared\Ink\rtscom.dll
0x00007ffb915f0000 - 0x00007ffb9168d000 	C:\WINDOWS\System32\TextInputFramework.dll
0x00007ffba0580000 - 0x00007ffba08aa000 	C:\WINDOWS\System32\CoreUIComponents.dll
0x00007ffba2680000 - 0x00007ffba2754000 	C:\WINDOWS\System32\CoreMessaging.dll
0x00007ffba3f70000 - 0x00007ffba3fa1000 	C:\WINDOWS\SYSTEM32\ntmarta.dll
0x00007ffba00c0000 - 0x00007ffba0212000 	C:\WINDOWS\SYSTEM32\wintypes.dll
0x00007ffb8fab0000 - 0x00007ffb8fd57000 	C:\WINDOWS\System32\iertutil.dll
0x00007ffb81420000 - 0x00007ffb81431000 	C:\Program Files\Java\jdk1.8.0_241\jre\bin\prism_common.dll

VM Arguments:
jvm_args: -agentlib:jdwp=transport=dt_socket,address=127.0.0.1:61429,suspend=y,server=n -javaagent:C:\Users\oleg\.IntelliJIdea2018.2\system\captureAgent\debugger-agent.jar=file:/C:/Users/oleg/AppData/Local/Temp/capture.props -Dfile.encoding=UTF-8 
java_command: sample.Main
java_class_path (initial): C:\Program Files\Java\jdk1.8.0_241\jre\lib\charsets.jar;C:\Program Files\Java\jdk1.8.0_241\jre\lib\deploy.jar;C:\Program Files\Java\jdk1.8.0_241\jre\lib\ext\access-bridge-64.jar;C:\Program Files\Java\jdk1.8.0_241\jre\lib\ext\cldrdata.jar;C:\Program Files\Java\jdk1.8.0_241\jre\lib\ext\dnsns.jar;C:\Program Files\Java\jdk1.8.0_241\jre\lib\ext\jaccess.jar;C:\Program Files\Java\jdk1.8.0_241\jre\lib\ext\jfxrt.jar;C:\Program Files\Java\jdk1.8.0_241\jre\lib\ext\localedata.jar;C:\Program Files\Java\jdk1.8.0_241\jre\lib\ext\nashorn.jar;C:\Program Files\Java\jdk1.8.0_241\jre\lib\ext\sunec.jar;C:\Program Files\Java\jdk1.8.0_241\jre\lib\ext\sunjce_provider.jar;C:\Program Files\Java\jdk1.8.0_241\jre\lib\ext\sunmscapi.jar;C:\Program Files\Java\jdk1.8.0_241\jre\lib\ext\sunpkcs11.jar;C:\Program Files\Java\jdk1.8.0_241\jre\lib\ext\zipfs.jar;C:\Program Files\Java\jdk1.8.0_241\jre\lib\javaws.jar;C:\Program Files\Java\jdk1.8.0_241\jre\lib\jce.jar;C:\Program Files\Java\jdk1.8.0_241\jre\lib\jfr.jar;C:\Program Files\Java\jdk1.8.0_241\jre\lib\jfxswt.jar;C:\Program Files\Java\jdk1.8.0_241\jre\lib\jsse.jar;C:\Program Files\Java\jdk1.8.0_241\jre\lib\management-agent.jar;C:\Program Files\Java\jdk1.8.0_241\jre\lib\plugin.jar;C:\Program Files\Java\jdk1.8.0_241\jre\lib\resources.jar;C:\Program Files\Java\jdk1.8.0_241\jre\lib\rt.jar;C:\Users\oleg\IdeaProjects\OOplab_3\out\production\OOplab_3;C:\Users\oleg\IdeaProjects\OOplab_3\lib\jackson-annotations-2.12.3.jar;C:\Users\oleg\IdeaProjects\OOplab_3\lib\jackson-core-2.12.3.jar;C:\Users\oleg\IdeaProjects\OOplab_3\lib\jackson-databind-2.12.3.jar;C:\Users\oleg\IdeaProjects\OOplab_3\lib\jackson-dataformat-yaml-2.12.3.jar;C:\Users\oleg\IdeaProjects\OOplab_3\lib\snakeyaml-1.27.jar;C:\Users\oleg\IdeaProjects\OOplab_3\lib\bson-3.2.2.jar;C:\Users\oleg\IdeaProjects\OOplab_3\lib\jackson-dataformat-xml-2.12.3.jar;C:\Users\oleg\IdeaProjects\OOplab_3\lib\jakarta.activation-api-1.2.1.jar;C:\Users\oleg\IdeaProjects\OOplab_3\lib\jakarta.xm
Launcher Type: SUN_STANDARD

Environment Variables:
JAVA_HOME=C:\Program Files\JetBrains\IntelliJ IDEA 2018.2.5\bin
PATH=C:\Program Files (x86)\Common Files\Oracle\Java\javapath;C:\WINDOWS\system32;C:\WINDOWS;C:\WINDOWS\System32\Wbem;C:\WINDOWS\System32\WindowsPowerShell\v1.0\;C:\WINDOWS\System32\OpenSSH\;C:\Program Files\TortoiseGit\bin;C:\Program Files\Git\cmd;;C:\Program Files\dotnet\;C:\Program Files (x86)\dotnet\;"C:\Users\oleg\AppData\Local\Microsoft\WindowsApps;C:\Program Files\JetBrains\IntelliJ IDEA 2018.2.5\bin";;C:\Users\oleg\AppData\Local\Programs\Microsoft VS Code\bin;C:\Users\oleg\.dotnet\tools
USERNAME=oleg
OS=Windows_NT
PROCESSOR_IDENTIFIER=Intel64 Family 6 Model 142 Stepping 12, GenuineIntel



---------------  S Y S T E M  ---------------

OS: Windows 10.0 , 64 bit Build 18362 (10.0.18362.1350)

CPU:total 8 (initial active 8) (4 cores per cpu, 2 threads per core) family 6 model 142 stepping 12, cmov, cx8, fxsr, mmx, sse, sse2, sse3, ssse3, sse4.1, sse4.2, popcnt, avx, avx2, aes, clmul, erms, 3dnowpref, lzcnt, ht, tsc, tscinvbit, bmi1, bmi2, adx

Memory: 4k page, physical 16644880k(6830968k free), swap 26782860k(3074176k free)

vm_info: Java HotSpot(TM) 64-Bit Server VM (25.241-b07) for windows-amd64 JRE (1.8.0_241-b07), built on Dec 11 2019 10:21:40 by "rejava" with MS VC++ 10.0 (VS2010)

time: Wed Apr 28 00:35:37 2021
timezone: RTZ 2 (зима)
elapsed time: 670 seconds (0d 0h 11m 10s)

